<?xml version="1.0" encoding="UTF-8"?>
<testsuite name="UrlParserTest" tests="6" skipped="0" failures="0" errors="0" timestamp="2020-10-04T22:35:13" hostname="MD2P8QEC" time="0.025">
  <properties/>
  <testcase name="getParsedData_WrongPassword()" classname="UrlParserTest" time="0.014"/>
  <testcase name="getParsedData()" classname="UrlParserTest" time="0.003"/>
  <testcase name="getParsedData_WrongHostAddressWithDns()" classname="UrlParserTest" time="0.002"/>
  <testcase name="getParsedData_WrongHostAddressWithIPAndPort()" classname="UrlParserTest" time="0.001"/>
  <testcase name="getParsedData_WrongProtocol()" classname="UrlParserTest" time="0.001"/>
  <testcase name="getParsedData_WrongUserName()" classname="UrlParserTest" time="0.001"/>
  <system-out><![CDATA[]]></system-out>
  <system-err><![CDATA[]]></system-err>
</testsuite>
